0 info it worked if it ends with ok
1 verbose cli [ 'node', '/usr/local/bin/npm', 'run', 'gulp' ]
2 info using npm@3.8.1
3 info using node@v0.12.7
4 verbose run-script [ 'pregulp', 'gulp', 'postgulp' ]
5 info lifecycle angular2-boilerplate@1.0.0~pregulp: angular2-boilerplate@1.0.0
6 silly lifecycle angular2-boilerplate@1.0.0~pregulp: no script for pregulp, continuing
7 info lifecycle angular2-boilerplate@1.0.0~gulp: angular2-boilerplate@1.0.0
8 verbose lifecycle angular2-boilerplate@1.0.0~gulp: unsafe-perm in lifecycle true
9 verbose lifecycle angular2-boilerplate@1.0.0~gulp: PATH: /usr/local/lib/node_modules/npm/bin/node-gyp-bin:/Users/Lawrence/WebstormProjects/angular2/node_modules/.bin:/usr/local/bin:/usr/local/lib/node_modules/npm/bin/node-gyp-bin:/Users/Lawrence/WebstormProjects/angular2/node_modules/.bin:/usr/local/bin:/usr/local/bin:/usr/bin:/bin:/usr/sbin:/sbin:/Users/Lawrence/Library/Android/sdk/tools:/Users/Lawrence/Library/Android/sdk/platform-tools:/Users/Lawrence/Library/Android/sdk/ndk-bundle:/Users/Lawrence/apache-ant-1.9.6/bin
10 verbose lifecycle angular2-boilerplate@1.0.0~gulp: CWD: /Users/Lawrence/WebstormProjects/angular2
11 silly lifecycle angular2-boilerplate@1.0.0~gulp: Args: [ '-c', 'gulp' ]
12 silly lifecycle angular2-boilerplate@1.0.0~gulp: Returned: code: 1  signal: null
13 info lifecycle angular2-boilerplate@1.0.0~gulp: Failed to exec gulp script
14 verbose stack Error: angular2-boilerplate@1.0.0 gulp: `gulp`
14 verbose stack Exit status 1
14 verbose stack     at EventEmitter.<anonymous> (/usr/local/lib/node_modules/npm/lib/utils/lifecycle.js:239:16)
14 verbose stack     at EventEmitter.emit (events.js:110:17)
14 verbose stack     at ChildProcess.<anonymous> (/usr/local/lib/node_modules/npm/lib/utils/spawn.js:24:14)
14 verbose stack     at ChildProcess.emit (events.js:110:17)
14 verbose stack     at maybeClose (child_process.js:1015:16)
14 verbose stack     at Process.ChildProcess._handle.onexit (child_process.js:1087:5)
15 verbose pkgid angular2-boilerplate@1.0.0
16 verbose cwd /Users/Lawrence/WebstormProjects/angular2
17 error Darwin 14.5.0
18 error argv "node" "/usr/local/bin/npm" "run" "gulp"
19 error node v0.12.7
20 error npm  v3.8.1
21 error code ELIFECYCLE
22 error angular2-boilerplate@1.0.0 gulp: `gulp`
22 error Exit status 1
23 error Failed at the angular2-boilerplate@1.0.0 gulp script 'gulp'.
23 error Make sure you have the latest version of node.js and npm installed.
23 error If you do, this is most likely a problem with the angular2-boilerplate package,
23 error not with npm itself.
23 error Tell the author that this fails on your system:
23 error     gulp
23 error You can get information on how to open an issue for this project with:
23 error     npm bugs angular2-boilerplate
23 error Or if that isn't available, you can get their info via:
23 error     npm owner ls angular2-boilerplate
23 error There is likely additional logging output above.
24 verbose exit [ 1, true ]
